{"C:\\Users\\Cefalo\\Documents\\My-Medium\\config\\dbConfig.js": {"path":"C:\\Users\\Cefalo\\Documents\\My-Medium\\config\\dbConfig.js","statementMap":{"0":{"start":{"line":1,"column":0},"end":{"line":14,"column":2}}},"fnMap":{},"branchMap":{},"s":{"0":2},"f":{},"b":{},"_coverageSchema":"1a1c01bbd47fc00a2c39e90264f33305004495a9","hash":"f73ef3975f361ad6bae17cb3137311769274e12e"}
,"C:\\Users\\Cefalo\\Documents\\My-Medium\\controllers\\blogController.js": {"path":"C:\\Users\\Cefalo\\Documents\\My-Medium\\controllers\\blogController.js","statementMap":{"0":{"start":{"line":3,"column":25},"end":{"line":3,"column":56}},"1":{"start":{"line":4,"column":20},"end":{"line":4,"column":58}},"2":{"start":{"line":5,"column":24},"end":{"line":5,"column":65}},"3":{"start":{"line":6,"column":16},"end":{"line":18,"column":1}},"4":{"start":{"line":7,"column":2},"end":{"line":17,"column":3}},"5":{"start":{"line":8,"column":15},"end":{"line":12,"column":5}},"6":{"start":{"line":13,"column":17},"end":{"line":13,"column":48}},"7":{"start":{"line":14,"column":4},"end":{"line":14,"column":38}},"8":{"start":{"line":16,"column":4},"end":{"line":16,"column":61}},"9":{"start":{"line":20,"column":20},"end":{"line":33,"column":1}},"10":{"start":{"line":21,"column":2},"end":{"line":32,"column":3}},"11":{"start":{"line":22,"column":19},"end":{"line":22,"column":36}},"12":{"start":{"line":23,"column":17},"end":{"line":23,"column":54}},"13":{"start":{"line":25,"column":4},"end":{"line":27,"column":5}},"14":{"start":{"line":26,"column":6},"end":{"line":26,"column":48}},"15":{"start":{"line":29,"column":4},"end":{"line":29,"column":38}},"16":{"start":{"line":31,"column":4},"end":{"line":31,"column":16}},"17":{"start":{"line":35,"column":20},"end":{"line":58,"column":1}},"18":{"start":{"line":36,"column":2},"end":{"line":57,"column":3}},"19":{"start":{"line":37,"column":25},"end":{"line":37,"column":56}},"20":{"start":{"line":38,"column":25},"end":{"line":38,"column":56}},"21":{"start":{"line":40,"column":15},"end":{"line":40,"column":16}},"22":{"start":{"line":41,"column":4},"end":{"line":43,"column":5}},"23":{"start":{"line":42,"column":6},"end":{"line":42,"column":26}},"24":{"start":{"line":45,"column":15},"end":{"line":45,"column":17}},"25":{"start":{"line":46,"column":4},"end":{"line":52,"column":5}},"26":{"start":{"line":51,"column":6},"end":{"line":51,"column":26}},"27":{"start":{"line":53,"column":18},"end":{"line":53,"column":59}},"28":{"start":{"line":54,"column":4},"end":{"line":54,"column":39}},"29":{"start":{"line":56,"column":4},"end":{"line":56,"column":56}},"30":{"start":{"line":60,"column":25},"end":{"line":68,"column":1}},"31":{"start":{"line":61,"column":2},"end":{"line":67,"column":3}},"32":{"start":{"line":62,"column":21},"end":{"line":62,"column":40}},"33":{"start":{"line":63,"column":18},"end":{"line":63,"column":62}},"34":{"start":{"line":64,"column":4},"end":{"line":64,"column":39}},"35":{"start":{"line":66,"column":4},"end":{"line":66,"column":61}},"36":{"start":{"line":70,"column":23},"end":{"line":84,"column":1}},"37":{"start":{"line":71,"column":2},"end":{"line":83,"column":3}},"38":{"start":{"line":72,"column":19},"end":{"line":72,"column":36}},"39":{"start":{"line":74,"column":24},"end":{"line":74,"column":74}},"40":{"start":{"line":76,"column":4},"end":{"line":78,"column":5}},"41":{"start":{"line":77,"column":6},"end":{"line":77,"column":48}},"42":{"start":{"line":80,"column":4},"end":{"line":80,"column":45}},"43":{"start":{"line":82,"column":4},"end":{"line":82,"column":16}},"44":{"start":{"line":86,"column":23},"end":{"line":100,"column":1}},"45":{"start":{"line":87,"column":2},"end":{"line":99,"column":3}},"46":{"start":{"line":88,"column":19},"end":{"line":88,"column":36}},"47":{"start":{"line":89,"column":21},"end":{"line":89,"column":61}},"48":{"start":{"line":91,"column":4},"end":{"line":93,"column":5}},"49":{"start":{"line":92,"column":6},"end":{"line":92,"column":48}},"50":{"start":{"line":96,"column":4},"end":{"line":96,"column":46}},"51":{"start":{"line":98,"column":4},"end":{"line":98,"column":16}},"52":{"start":{"line":102,"column":0},"end":{"line":109,"column":2}}},"fnMap":{"0":{"name":"(anonymous_0)","decl":{"start":{"line":6,"column":16},"end":{"line":6,"column":17}},"loc":{"start":{"line":6,"column":42},"end":{"line":18,"column":1}},"line":6},"1":{"name":"(anonymous_1)","decl":{"start":{"line":20,"column":20},"end":{"line":20,"column":21}},"loc":{"start":{"line":20,"column":46},"end":{"line":33,"column":1}},"line":20},"2":{"name":"(anonymous_2)","decl":{"start":{"line":35,"column":20},"end":{"line":35,"column":21}},"loc":{"start":{"line":35,"column":45},"end":{"line":58,"column":1}},"line":35},"3":{"name":"(anonymous_3)","decl":{"start":{"line":60,"column":25},"end":{"line":60,"column":26}},"loc":{"start":{"line":60,"column":45},"end":{"line":68,"column":1}},"line":60},"4":{"name":"(anonymous_4)","decl":{"start":{"line":70,"column":23},"end":{"line":70,"column":24}},"loc":{"start":{"line":70,"column":49},"end":{"line":84,"column":1}},"line":70},"5":{"name":"(anonymous_5)","decl":{"start":{"line":86,"column":23},"end":{"line":86,"column":24}},"loc":{"start":{"line":86,"column":48},"end":{"line":100,"column":1}},"line":86}},"branchMap":{"0":{"loc":{"start":{"line":25,"column":4},"end":{"line":27,"column":5}},"type":"if","locations":[{"start":{"line":25,"column":4},"end":{"line":27,"column":5}},{"start":{},"end":{}}],"line":25},"1":{"loc":{"start":{"line":41,"column":4},"end":{"line":43,"column":5}},"type":"if","locations":[{"start":{"line":41,"column":4},"end":{"line":43,"column":5}},{"start":{},"end":{}}],"line":41},"2":{"loc":{"start":{"line":41,"column":8},"end":{"line":41,"column":55}},"type":"binary-expr","locations":[{"start":{"line":41,"column":8},"end":{"line":41,"column":35}},{"start":{"line":41,"column":39},"end":{"line":41,"column":55}}],"line":41},"3":{"loc":{"start":{"line":46,"column":4},"end":{"line":52,"column":5}},"type":"if","locations":[{"start":{"line":46,"column":4},"end":{"line":52,"column":5}},{"start":{},"end":{}}],"line":46},"4":{"loc":{"start":{"line":47,"column":6},"end":{"line":49,"column":25}},"type":"binary-expr","locations":[{"start":{"line":47,"column":6},"end":{"line":47,"column":33}},{"start":{"line":48,"column":6},"end":{"line":48,"column":26}},{"start":{"line":49,"column":6},"end":{"line":49,"column":25}}],"line":47},"5":{"loc":{"start":{"line":76,"column":4},"end":{"line":78,"column":5}},"type":"if","locations":[{"start":{"line":76,"column":4},"end":{"line":78,"column":5}},{"start":{},"end":{}}],"line":76},"6":{"loc":{"start":{"line":91,"column":4},"end":{"line":93,"column":5}},"type":"if","locations":[{"start":{"line":91,"column":4},"end":{"line":93,"column":5}},{"start":{},"end":{}}],"line":91}},"s":{"0":1,"1":1,"2":1,"3":1,"4":2,"5":2,"6":2,"7":1,"8":1,"9":1,"10":1,"11":1,"12":1,"13":1,"14":0,"15":1,"16":0,"17":1,"18":1,"19":1,"20":1,"21":1,"22":1,"23":0,"24":1,"25":1,"26":1,"27":1,"28":1,"29":0,"30":1,"31":0,"32":0,"33":0,"34":0,"35":0,"36":1,"37":2,"38":2,"39":2,"40":2,"41":1,"42":1,"43":1,"44":1,"45":2,"46":2,"47":2,"48":2,"49":1,"50":1,"51":1,"52":1},"f":{"0":2,"1":1,"2":1,"3":0,"4":2,"5":2},"b":{"0":[0,1],"1":[0,1],"2":[1,1],"3":[1,0],"4":[1,1,1],"5":[1,1],"6":[1,1]},"_coverageSchema":"1a1c01bbd47fc00a2c39e90264f33305004495a9","hash":"0173b736fb2da35153e69d39606b69568a890331"}
,"C:\\Users\\Cefalo\\Documents\\My-Medium\\errorHandler\\customError.js": {"path":"C:\\Users\\Cefalo\\Documents\\My-Medium\\errorHandler\\customError.js","statementMap":{"0":{"start":{"line":1,"column":20},"end":{"line":6,"column":1}},"1":{"start":{"line":2,"column":22},"end":{"line":2,"column":33}},"2":{"start":{"line":3,"column":2},"end":{"line":3,"column":32}},"3":{"start":{"line":4,"column":2},"end":{"line":4,"column":38}},"4":{"start":{"line":5,"column":2},"end":{"line":5,"column":21}},"5":{"start":{"line":8,"column":0},"end":{"line":10,"column":2}}},"fnMap":{"0":{"name":"(anonymous_0)","decl":{"start":{"line":1,"column":20},"end":{"line":1,"column":21}},"loc":{"start":{"line":1,"column":45},"end":{"line":6,"column":1}},"line":1}},"branchMap":{},"s":{"0":1,"1":6,"2":6,"3":6,"4":6,"5":1},"f":{"0":6},"b":{},"_coverageSchema":"1a1c01bbd47fc00a2c39e90264f33305004495a9","hash":"1c4b9a46fbbfed7fe5e3491b82afedd58afaac39"}
,"C:\\Users\\Cefalo\\Documents\\My-Medium\\models\\authorModel.js": {"path":"C:\\Users\\Cefalo\\Documents\\My-Medium\\models\\authorModel.js","statementMap":{"0":{"start":{"line":1,"column":16},"end":{"line":1,"column":36}},"1":{"start":{"line":3,"column":0},"end":{"line":28,"column":2}},"2":{"start":{"line":4,"column":17},"end":{"line":25,"column":4}},"3":{"start":{"line":27,"column":2},"end":{"line":27,"column":16}}},"fnMap":{"0":{"name":"(anonymous_0)","decl":{"start":{"line":3,"column":17},"end":{"line":3,"column":18}},"loc":{"start":{"line":3,"column":43},"end":{"line":28,"column":1}},"line":3}},"branchMap":{},"s":{"0":2,"1":2,"2":2,"3":2},"f":{"0":2},"b":{},"_coverageSchema":"1a1c01bbd47fc00a2c39e90264f33305004495a9","hash":"ff6c38163649bc1bf9545e9e4eef72bffb86c72e"}
,"C:\\Users\\Cefalo\\Documents\\My-Medium\\models\\blogModel.js": {"path":"C:\\Users\\Cefalo\\Documents\\My-Medium\\models\\blogModel.js","statementMap":{"0":{"start":{"line":1,"column":0},"end":{"line":25,"column":2}},"1":{"start":{"line":2,"column":15},"end":{"line":22,"column":4}},"2":{"start":{"line":24,"column":2},"end":{"line":24,"column":14}}},"fnMap":{"0":{"name":"(anonymous_0)","decl":{"start":{"line":1,"column":17},"end":{"line":1,"column":18}},"loc":{"start":{"line":1,"column":43},"end":{"line":25,"column":1}},"line":1}},"branchMap":{},"s":{"0":2,"1":2,"2":2},"f":{"0":2},"b":{},"_coverageSchema":"1a1c01bbd47fc00a2c39e90264f33305004495a9","hash":"ef8662697f7f881496f3a41daff198cd133023c3"}
,"C:\\Users\\Cefalo\\Documents\\My-Medium\\models\\index.js": {"path":"C:\\Users\\Cefalo\\Documents\\My-Medium\\models\\index.js","statementMap":{"0":{"start":{"line":1,"column":17},"end":{"line":1,"column":49}},"1":{"start":{"line":3,"column":33},"end":{"line":3,"column":53}},"2":{"start":{"line":5,"column":18},"end":{"line":16,"column":2}},"3":{"start":{"line":18,"column":0},"end":{"line":25,"column":5}},"4":{"start":{"line":21,"column":4},"end":{"line":21,"column":31}},"5":{"start":{"line":24,"column":4},"end":{"line":24,"column":31}},"6":{"start":{"line":27,"column":11},"end":{"line":27,"column":13}},"7":{"start":{"line":29,"column":0},"end":{"line":29,"column":25}},"8":{"start":{"line":30,"column":0},"end":{"line":30,"column":25}},"9":{"start":{"line":32,"column":0},"end":{"line":32,"column":63}},"10":{"start":{"line":33,"column":0},"end":{"line":33,"column":59}},"11":{"start":{"line":35,"column":0},"end":{"line":37,"column":3}},"12":{"start":{"line":38,"column":0},"end":{"line":40,"column":3}},"13":{"start":{"line":42,"column":0},"end":{"line":44,"column":3}},"14":{"start":{"line":43,"column":2},"end":{"line":43,"column":35}},"15":{"start":{"line":46,"column":0},"end":{"line":46,"column":20}}},"fnMap":{"0":{"name":"(anonymous_0)","decl":{"start":{"line":20,"column":8},"end":{"line":20,"column":9}},"loc":{"start":{"line":20,"column":14},"end":{"line":22,"column":3}},"line":20},"1":{"name":"(anonymous_1)","decl":{"start":{"line":23,"column":9},"end":{"line":23,"column":10}},"loc":{"start":{"line":23,"column":18},"end":{"line":25,"column":3}},"line":23},"2":{"name":"(anonymous_2)","decl":{"start":{"line":42,"column":41},"end":{"line":42,"column":42}},"loc":{"start":{"line":42,"column":47},"end":{"line":44,"column":1}},"line":42}},"branchMap":{},"s":{"0":2,"1":2,"2":2,"3":2,"4":1,"5":0,"6":2,"7":2,"8":2,"9":2,"10":2,"11":2,"12":2,"13":2,"14":0,"15":2},"f":{"0":1,"1":0,"2":0},"b":{},"_coverageSchema":"1a1c01bbd47fc00a2c39e90264f33305004495a9","hash":"bd175952af542bc84952ba9dbef4512630bea7d6"}
,"C:\\Users\\Cefalo\\Documents\\My-Medium\\services\\blogServices.js": {"path":"C:\\Users\\Cefalo\\Documents\\My-Medium\\services\\blogServices.js","statementMap":{"0":{"start":{"line":1,"column":11},"end":{"line":1,"column":31}},"1":{"start":{"line":2,"column":15},"end":{"line":2,"column":25}},"2":{"start":{"line":3,"column":13},"end":{"line":3,"column":21}},"3":{"start":{"line":5,"column":16},"end":{"line":8,"column":1}},"4":{"start":{"line":6,"column":15},"end":{"line":6,"column":38}},"5":{"start":{"line":7,"column":2},"end":{"line":7,"column":14}},"6":{"start":{"line":10,"column":20},"end":{"line":14,"column":1}},"7":{"start":{"line":11,"column":15},"end":{"line":11,"column":64}},"8":{"start":{"line":12,"column":2},"end":{"line":12,"column":20}},"9":{"start":{"line":13,"column":2},"end":{"line":13,"column":14}},"10":{"start":{"line":16,"column":20},"end":{"line":23,"column":1}},"11":{"start":{"line":17,"column":16},"end":{"line":20,"column":4}},"12":{"start":{"line":22,"column":2},"end":{"line":22,"column":15}},"13":{"start":{"line":26,"column":17},"end":{"line":26,"column":72}},"14":{"start":{"line":28,"column":2},"end":{"line":30,"column":3}},"15":{"start":{"line":29,"column":4},"end":{"line":29,"column":16}},"16":{"start":{"line":32,"column":16},"end":{"line":34,"column":4}},"17":{"start":{"line":36,"column":2},"end":{"line":36,"column":15}},"18":{"start":{"line":39,"column":23},"end":{"line":56,"column":3}},"19":{"start":{"line":40,"column":16},"end":{"line":40,"column":26}},"20":{"start":{"line":41,"column":22},"end":{"line":41,"column":38}},"21":{"start":{"line":42,"column":20},"end":{"line":48,"column":5}},"22":{"start":{"line":50,"column":4},"end":{"line":52,"column":5}},"23":{"start":{"line":51,"column":6},"end":{"line":51,"column":18}},"24":{"start":{"line":54,"column":24},"end":{"line":54,"column":73}},"25":{"start":{"line":55,"column":4},"end":{"line":55,"column":23}},"26":{"start":{"line":58,"column":25},"end":{"line":63,"column":3}},"27":{"start":{"line":59,"column":20},"end":{"line":61,"column":6}},"28":{"start":{"line":62,"column":4},"end":{"line":62,"column":19}},"29":{"start":{"line":65,"column":2},"end":{"line":72,"column":4}}},"fnMap":{"0":{"name":"(anonymous_0)","decl":{"start":{"line":5,"column":16},"end":{"line":5,"column":17}},"loc":{"start":{"line":5,"column":32},"end":{"line":8,"column":1}},"line":5},"1":{"name":"(anonymous_1)","decl":{"start":{"line":10,"column":20},"end":{"line":10,"column":21}},"loc":{"start":{"line":10,"column":38},"end":{"line":14,"column":1}},"line":10},"2":{"name":"(anonymous_2)","decl":{"start":{"line":16,"column":20},"end":{"line":16,"column":21}},"loc":{"start":{"line":16,"column":42},"end":{"line":23,"column":1}},"line":16},"3":{"name":"getBlogsByAuthor","decl":{"start":{"line":25,"column":15},"end":{"line":25,"column":31}},"loc":{"start":{"line":25,"column":42},"end":{"line":37,"column":1}},"line":25},"4":{"name":"(anonymous_4)","decl":{"start":{"line":39,"column":23},"end":{"line":39,"column":24}},"loc":{"start":{"line":39,"column":47},"end":{"line":56,"column":3}},"line":39},"5":{"name":"(anonymous_5)","decl":{"start":{"line":58,"column":25},"end":{"line":58,"column":26}},"loc":{"start":{"line":58,"column":43},"end":{"line":63,"column":3}},"line":58}},"branchMap":{"0":{"loc":{"start":{"line":28,"column":2},"end":{"line":30,"column":3}},"type":"if","locations":[{"start":{"line":28,"column":2},"end":{"line":30,"column":3}},{"start":{},"end":{}}],"line":28},"1":{"loc":{"start":{"line":50,"column":4},"end":{"line":52,"column":5}},"type":"if","locations":[{"start":{"line":50,"column":4},"end":{"line":52,"column":5}},{"start":{},"end":{}}],"line":50}},"s":{"0":2,"1":2,"2":2,"3":2,"4":2,"5":1,"6":2,"7":1,"8":1,"9":1,"10":2,"11":1,"12":1,"13":0,"14":0,"15":0,"16":0,"17":0,"18":2,"19":3,"20":3,"21":3,"22":3,"23":1,"24":2,"25":2,"26":2,"27":1,"28":1,"29":2},"f":{"0":2,"1":1,"2":1,"3":0,"4":3,"5":1},"b":{"0":[0,0],"1":[1,2]},"_coverageSchema":"1a1c01bbd47fc00a2c39e90264f33305004495a9","hash":"35bdfbe31d47ce4460f9657b4c5d9ea185eb96e2"}
,"C:\\Users\\Cefalo\\Documents\\My-Medium\\utils\\response.js": {"path":"C:\\Users\\Cefalo\\Documents\\My-Medium\\utils\\response.js","statementMap":{"0":{"start":{"line":1,"column":21},"end":{"line":1,"column":44}},"1":{"start":{"line":3,"column":21},"end":{"line":20,"column":1}},"2":{"start":{"line":4,"column":2},"end":{"line":10,"column":3}},"3":{"start":{"line":5,"column":20},"end":{"line":5,"column":56}},"4":{"start":{"line":6,"column":4},"end":{"line":6,"column":41}},"5":{"start":{"line":9,"column":4},"end":{"line":9,"column":42}},"6":{"start":{"line":22,"column":0},"end":{"line":24,"column":2}}},"fnMap":{"0":{"name":"(anonymous_0)","decl":{"start":{"line":3,"column":21},"end":{"line":3,"column":22}},"loc":{"start":{"line":3,"column":53},"end":{"line":20,"column":1}},"line":3}},"branchMap":{"0":{"loc":{"start":{"line":4,"column":2},"end":{"line":10,"column":3}},"type":"if","locations":[{"start":{"line":4,"column":2},"end":{"line":10,"column":3}},{"start":{"line":8,"column":7},"end":{"line":10,"column":3}}],"line":4}},"s":{"0":1,"1":1,"2":5,"3":0,"4":0,"5":5,"6":1},"f":{"0":5},"b":{"0":[0,5]},"_coverageSchema":"1a1c01bbd47fc00a2c39e90264f33305004495a9","hash":"374c5bd41fe0358ef84f58d44759209001cbde96"}
}
