TN:
SF:config\dbConfig.js
FNF:0
FNH:0
DA:1,2
LF:1
LH:1
BRF:0
BRH:0
end_of_record
TN:
SF:controllers\blogController.js
FN:6,(anonymous_0)
FN:20,(anonymous_1)
FN:35,(anonymous_2)
FN:60,(anonymous_3)
FN:70,(anonymous_4)
FN:86,(anonymous_5)
FNF:6
FNH:5
FNDA:2,(anonymous_0)
FNDA:1,(anonymous_1)
FNDA:1,(anonymous_2)
FNDA:0,(anonymous_3)
FNDA:2,(anonymous_4)
FNDA:2,(anonymous_5)
DA:3,1
DA:4,1
DA:5,1
DA:6,1
DA:7,2
DA:8,2
DA:13,2
DA:14,1
DA:16,1
DA:20,1
DA:21,1
DA:22,1
DA:23,1
DA:25,1
DA:26,0
DA:29,1
DA:31,0
DA:35,1
DA:36,1
DA:37,1
DA:38,1
DA:40,1
DA:41,1
DA:42,0
DA:45,1
DA:46,1
DA:51,1
DA:53,1
DA:54,1
DA:56,0
DA:60,1
DA:61,0
DA:62,0
DA:63,0
DA:64,0
DA:66,0
DA:70,1
DA:71,2
DA:72,2
DA:74,2
DA:76,2
DA:77,1
DA:80,1
DA:82,1
DA:86,1
DA:87,2
DA:88,2
DA:89,2
DA:91,2
DA:92,1
DA:96,1
DA:98,1
DA:102,1
LF:53
LH:44
BRDA:25,0,0,0
BRDA:25,0,1,1
BRDA:41,1,0,0
BRDA:41,1,1,1
BRDA:41,2,0,1
BRDA:41,2,1,1
BRDA:46,3,0,1
BRDA:46,3,1,0
BRDA:47,4,0,1
BRDA:47,4,1,1
BRDA:47,4,2,1
BRDA:76,5,0,1
BRDA:76,5,1,1
BRDA:91,6,0,1
BRDA:91,6,1,1
BRF:15
BRH:12
end_of_record
TN:
SF:errorHandler\customError.js
FN:1,(anonymous_0)
FNF:1
FNH:1
FNDA:6,(anonymous_0)
DA:1,1
DA:2,6
DA:3,6
DA:4,6
DA:5,6
DA:8,1
LF:6
LH:6
BRF:0
BRH:0
end_of_record
TN:
SF:models\authorModel.js
FN:3,(anonymous_0)
FNF:1
FNH:1
FNDA:2,(anonymous_0)
DA:1,2
DA:3,2
DA:4,2
DA:27,2
LF:4
LH:4
BRF:0
BRH:0
end_of_record
TN:
SF:models\blogModel.js
FN:1,(anonymous_0)
FNF:1
FNH:1
FNDA:2,(anonymous_0)
DA:1,2
DA:2,2
DA:24,2
LF:3
LH:3
BRF:0
BRH:0
end_of_record
TN:
SF:models\index.js
FN:20,(anonymous_0)
FN:23,(anonymous_1)
FN:42,(anonymous_2)
FNF:3
FNH:1
FNDA:1,(anonymous_0)
FNDA:0,(anonymous_1)
FNDA:0,(anonymous_2)
DA:1,2
DA:3,2
DA:5,2
DA:18,2
DA:21,1
DA:24,0
DA:27,2
DA:29,2
DA:30,2
DA:32,2
DA:33,2
DA:35,2
DA:38,2
DA:42,2
DA:43,0
DA:46,2
LF:16
LH:14
BRF:0
BRH:0
end_of_record
TN:
SF:services\blogServices.js
FN:5,(anonymous_0)
FN:10,(anonymous_1)
FN:16,(anonymous_2)
FN:25,getBlogsByAuthor
FN:39,(anonymous_4)
FN:58,(anonymous_5)
FNF:6
FNH:5
FNDA:2,(anonymous_0)
FNDA:1,(anonymous_1)
FNDA:1,(anonymous_2)
FNDA:0,getBlogsByAuthor
FNDA:3,(anonymous_4)
FNDA:1,(anonymous_5)
DA:1,2
DA:2,2
DA:3,2
DA:5,2
DA:6,2
DA:7,1
DA:10,2
DA:11,1
DA:12,1
DA:13,1
DA:16,2
DA:17,1
DA:22,1
DA:26,0
DA:28,0
DA:29,0
DA:32,0
DA:36,0
DA:39,2
DA:40,3
DA:41,3
DA:42,3
DA:50,3
DA:51,1
DA:54,2
DA:55,2
DA:58,2
DA:59,1
DA:62,1
DA:65,2
LF:30
LH:25
BRDA:28,0,0,0
BRDA:28,0,1,0
BRDA:50,1,0,1
BRDA:50,1,1,2
BRF:4
BRH:2
end_of_record
TN:
SF:utils\response.js
FN:3,(anonymous_0)
FNF:1
FNH:1
FNDA:5,(anonymous_0)
DA:1,1
DA:3,1
DA:4,5
DA:5,0
DA:6,0
DA:9,5
DA:22,1
LF:7
LH:5
BRDA:4,0,0,0
BRDA:4,0,1,5
BRF:2
BRH:1
end_of_record
